<?xml version="1.0" encoding="UTF-8"?>
<!-- Generated by org.testng.reporters.JUnitReportReporter -->
<testsuite skipped="0" hostname="HZH4668C" name="com.cases.Demo" tests="1" failures="0" timestamp="06 四月 2017 10:46:59 GMT" time="4.593" errors="0">
  <testcase name="intoSettingPage" time="4.593" classname="com.cases.Demo"/>
</testsuite> <!-- com.cases.Demo -->
